{"C:\\Users\\FeyoC\\Documents\\Dev\\REACT\\rest_api_node_ts_server\\src\\router.ts": {"path":"C:\\Users\\FeyoC\\Documents\\Dev\\REACT\\rest_api_node_ts_server\\src\\router.ts","statementMap":{"0":{"start":{"line":1,"column":0},"end":{"line":1,"column":30}},"1":{"start":{"line":2,"column":0},"end":{"line":2,"column":129}},"2":{"start":{"line":3,"column":0},"end":{"line":3,"column":47}},"3":{"start":{"line":4,"column":0},"end":{"line":4,"column":55}},"4":{"start":{"line":6,"column":15},"end":{"line":6,"column":23}},"5":{"start":{"line":9,"column":0},"end":{"line":9,"column":null}},"6":{"start":{"line":10,"column":0},"end":{"line":14,"column":null}},"7":{"start":{"line":16,"column":0},"end":{"line":28,"column":null}},"8":{"start":{"line":24,"column":25},"end":{"line":24,"column":34}},"9":{"start":{"line":30,"column":0},"end":{"line":45,"column":null}},"10":{"start":{"line":39,"column":25},"end":{"line":39,"column":34}},"11":{"start":{"line":47,"column":0},"end":{"line":52,"column":null}},"12":{"start":{"line":54,"column":0},"end":{"line":58,"column":null}},"13":{"start":{"line":60,"column":0},"end":{"line":60,"column":null}}},"fnMap":{"0":{"name":"(anonymous_0)","decl":{"start":{"line":24,"column":16},"end":{"line":24,"column":21}},"loc":{"start":{"line":24,"column":25},"end":{"line":24,"column":34}}},"1":{"name":"(anonymous_1)","decl":{"start":{"line":39,"column":16},"end":{"line":39,"column":21}},"loc":{"start":{"line":39,"column":25},"end":{"line":39,"column":34}}}},"branchMap":{},"s":{"0":2,"1":2,"2":2,"3":2,"4":2,"5":2,"6":2,"7":2,"8":4,"9":2,"10":5,"11":2,"12":2,"13":2},"f":{"0":4,"1":5},"b":{}}
,"C:\\Users\\FeyoC\\Documents\\Dev\\REACT\\rest_api_node_ts_server\\src\\server.ts": {"path":"C:\\Users\\FeyoC\\Documents\\Dev\\REACT\\rest_api_node_ts_server\\src\\server.ts","statementMap":{"0":{"start":{"line":6,"column":0},"end":{"line":6,"column":7}},"1":{"start":{"line":1,"column":0},"end":{"line":1,"column":30}},"2":{"start":{"line":2,"column":0},"end":{"line":2,"column":30}},"3":{"start":{"line":3,"column":0},"end":{"line":3,"column":29}},"4":{"start":{"line":4,"column":0},"end":{"line":4,"column":28}},"5":{"start":{"line":7,"column":2},"end":{"line":18,"column":3}},"6":{"start":{"line":8,"column":4},"end":{"line":8,"column":28}},"7":{"start":{"line":12,"column":4},"end":{"line":12,"column":35}},"8":{"start":{"line":16,"column":4},"end":{"line":16,"column":73}},"9":{"start":{"line":21,"column":0},"end":{"line":21,"column":12}},"10":{"start":{"line":24,"column":15},"end":{"line":24,"column":24}},"11":{"start":{"line":27,"column":0},"end":{"line":27,"column":null}},"12":{"start":{"line":30,"column":0},"end":{"line":30,"column":36}},"13":{"start":{"line":32,"column":0},"end":{"line":34,"column":null}},"14":{"start":{"line":33,"column":2},"end":{"line":33,"column":null}},"15":{"start":{"line":36,"column":0},"end":{"line":36,"column":22}}},"fnMap":{"0":{"name":"connectDB","decl":{"start":{"line":6,"column":22},"end":{"line":6,"column":31}},"loc":{"start":{"line":6,"column":31},"end":{"line":19,"column":1}}},"1":{"name":"(anonymous_2)","decl":{"start":{"line":32,"column":19},"end":{"line":32,"column":20}},"loc":{"start":{"line":32,"column":32},"end":{"line":34,"column":1}}}},"branchMap":{},"s":{"0":2,"1":2,"2":2,"3":2,"4":2,"5":3,"6":3,"7":2,"8":1,"9":2,"10":2,"11":2,"12":2,"13":2,"14":1,"15":2},"f":{"0":3,"1":1},"b":{}}
,"C:\\Users\\FeyoC\\Documents\\Dev\\REACT\\rest_api_node_ts_server\\src\\config\\db.ts": {"path":"C:\\Users\\FeyoC\\Documents\\Dev\\REACT\\rest_api_node_ts_server\\src\\config\\db.ts","statementMap":{"0":{"start":{"line":1,"column":0},"end":{"line":1,"column":49}},"1":{"start":{"line":2,"column":0},"end":{"line":2,"column":28}},"2":{"start":{"line":3,"column":0},"end":{"line":3,"column":24}},"3":{"start":{"line":5,"column":0},"end":{"line":5,"column":16}},"4":{"start":{"line":7,"column":11},"end":{"line":13,"column":2}},"5":{"start":{"line":15,"column":0},"end":{"line":15,"column":18}}},"fnMap":{},"branchMap":{},"s":{"0":2,"1":2,"2":2,"3":2,"4":2,"5":2},"f":{},"b":{}}
,"C:\\Users\\FeyoC\\Documents\\Dev\\REACT\\rest_api_node_ts_server\\src\\handlers\\product.ts": {"path":"C:\\Users\\FeyoC\\Documents\\Dev\\REACT\\rest_api_node_ts_server\\src\\handlers\\product.ts","statementMap":{"0":{"start":{"line":2,"column":0},"end":{"line":2,"column":46}},"1":{"start":{"line":5,"column":27},"end":{"line":13,"column":1}},"2":{"start":{"line":6,"column":21},"end":{"line":11,"column":10}},"3":{"start":{"line":12,"column":8},"end":{"line":12,"column":null}},"4":{"start":{"line":5,"column":13},"end":{"line":5,"column":27}},"5":{"start":{"line":16,"column":30},"end":{"line":27,"column":1}},"6":{"start":{"line":17,"column":17},"end":{"line":17,"column":27}},"7":{"start":{"line":18,"column":24},"end":{"line":18,"column":50}},"8":{"start":{"line":20,"column":8},"end":{"line":24,"column":9}},"9":{"start":{"line":21,"column":12},"end":{"line":23,"column":null}},"10":{"start":{"line":26,"column":8},"end":{"line":26,"column":null}},"11":{"start":{"line":16,"column":13},"end":{"line":16,"column":30}},"12":{"start":{"line":30,"column":29},"end":{"line":33,"column":1}},"13":{"start":{"line":31,"column":20},"end":{"line":31,"column":50}},"14":{"start":{"line":32,"column":4},"end":{"line":32,"column":42}},"15":{"start":{"line":30,"column":13},"end":{"line":30,"column":29}},"16":{"start":{"line":36,"column":29},"end":{"line":52,"column":1}},"17":{"start":{"line":38,"column":21},"end":{"line":38,"column":31}},"18":{"start":{"line":39,"column":24},"end":{"line":39,"column":50}},"19":{"start":{"line":41,"column":8},"end":{"line":45,"column":9}},"20":{"start":{"line":42,"column":12},"end":{"line":44,"column":null}},"21":{"start":{"line":48,"column":8},"end":{"line":48,"column":39}},"22":{"start":{"line":49,"column":8},"end":{"line":49,"column":29}},"23":{"start":{"line":51,"column":8},"end":{"line":51,"column":null}},"24":{"start":{"line":36,"column":13},"end":{"line":36,"column":29}},"25":{"start":{"line":56,"column":34},"end":{"line":71,"column":1}},"26":{"start":{"line":58,"column":21},"end":{"line":58,"column":31}},"27":{"start":{"line":59,"column":24},"end":{"line":59,"column":50}},"28":{"start":{"line":61,"column":8},"end":{"line":65,"column":9}},"29":{"start":{"line":62,"column":12},"end":{"line":64,"column":null}},"30":{"start":{"line":68,"column":8},"end":{"line":68,"column":null}},"31":{"start":{"line":69,"column":8},"end":{"line":69,"column":null}},"32":{"start":{"line":70,"column":8},"end":{"line":70,"column":null}},"33":{"start":{"line":56,"column":13},"end":{"line":56,"column":34}},"34":{"start":{"line":75,"column":29},"end":{"line":89,"column":1}},"35":{"start":{"line":77,"column":21},"end":{"line":77,"column":31}},"36":{"start":{"line":78,"column":24},"end":{"line":78,"column":50}},"37":{"start":{"line":80,"column":8},"end":{"line":84,"column":9}},"38":{"start":{"line":81,"column":12},"end":{"line":83,"column":null}},"39":{"start":{"line":87,"column":8},"end":{"line":87,"column":null}},"40":{"start":{"line":88,"column":8},"end":{"line":88,"column":null}},"41":{"start":{"line":75,"column":13},"end":{"line":75,"column":29}}},"fnMap":{"0":{"name":"(anonymous_1)","decl":{"start":{"line":5,"column":27},"end":{"line":5,"column":32}},"loc":{"start":{"line":5,"column":46},"end":{"line":13,"column":1}}},"1":{"name":"(anonymous_2)","decl":{"start":{"line":16,"column":30},"end":{"line":16,"column":35}},"loc":{"start":{"line":16,"column":49},"end":{"line":27,"column":1}}},"2":{"name":"(anonymous_3)","decl":{"start":{"line":30,"column":29},"end":{"line":30,"column":34}},"loc":{"start":{"line":30,"column":67},"end":{"line":33,"column":1}}},"3":{"name":"(anonymous_4)","decl":{"start":{"line":36,"column":29},"end":{"line":36,"column":34}},"loc":{"start":{"line":36,"column":69},"end":{"line":52,"column":1}}},"4":{"name":"(anonymous_5)","decl":{"start":{"line":56,"column":34},"end":{"line":56,"column":39}},"loc":{"start":{"line":56,"column":74},"end":{"line":71,"column":1}}},"5":{"name":"(anonymous_6)","decl":{"start":{"line":75,"column":29},"end":{"line":75,"column":34}},"loc":{"start":{"line":75,"column":69},"end":{"line":89,"column":1}}}},"branchMap":{"0":{"loc":{"start":{"line":20,"column":8},"end":{"line":24,"column":9}},"type":"if","locations":[{"start":{"line":20,"column":8},"end":{"line":24,"column":9}},{"start":{},"end":{}}]},"1":{"loc":{"start":{"line":41,"column":8},"end":{"line":45,"column":9}},"type":"if","locations":[{"start":{"line":41,"column":8},"end":{"line":45,"column":9}},{"start":{},"end":{}}]},"2":{"loc":{"start":{"line":61,"column":8},"end":{"line":65,"column":9}},"type":"if","locations":[{"start":{"line":61,"column":8},"end":{"line":65,"column":9}},{"start":{},"end":{}}]},"3":{"loc":{"start":{"line":80,"column":8},"end":{"line":84,"column":9}},"type":"if","locations":[{"start":{"line":80,"column":8},"end":{"line":84,"column":9}},{"start":{},"end":{}}]}},"s":{"0":2,"1":2,"2":2,"3":2,"4":2,"5":2,"6":2,"7":2,"8":2,"9":1,"10":1,"11":2,"12":2,"13":1,"14":1,"15":2,"16":2,"17":2,"18":2,"19":2,"20":1,"21":1,"22":1,"23":1,"24":2,"25":2,"26":2,"27":2,"28":2,"29":1,"30":1,"31":1,"32":1,"33":2,"34":2,"35":2,"36":2,"37":2,"38":1,"39":1,"40":1,"41":2},"f":{"0":2,"1":2,"2":1,"3":2,"4":2,"5":2},"b":{"0":[1,1],"1":[1,1],"2":[1,1],"3":[1,1]}}
,"C:\\Users\\FeyoC\\Documents\\Dev\\REACT\\rest_api_node_ts_server\\src\\middleware\\index.ts": {"path":"C:\\Users\\FeyoC\\Documents\\Dev\\REACT\\rest_api_node_ts_server\\src\\middleware\\index.ts","statementMap":{"0":{"start":{"line":3,"column":0},"end":{"line":3,"column":52}},"1":{"start":{"line":5,"column":33},"end":{"line":13,"column":1}},"2":{"start":{"line":7,"column":17},"end":{"line":7,"column":38}},"3":{"start":{"line":8,"column":4},"end":{"line":10,"column":5}},"4":{"start":{"line":9,"column":8},"end":{"line":9,"column":null}},"5":{"start":{"line":12,"column":4},"end":{"line":12,"column":11}},"6":{"start":{"line":5,"column":13},"end":{"line":5,"column":33}}},"fnMap":{"0":{"name":"(anonymous_0)","decl":{"start":{"line":5,"column":33},"end":{"line":5,"column":34}},"loc":{"start":{"line":5,"column":88},"end":{"line":13,"column":1}}}},"branchMap":{"0":{"loc":{"start":{"line":8,"column":4},"end":{"line":10,"column":5}},"type":"if","locations":[{"start":{"line":8,"column":4},"end":{"line":10,"column":5}},{"start":{},"end":{}}]}},"s":{"0":2,"1":2,"2":17,"3":17,"4":8,"5":9,"6":2},"f":{"0":17},"b":{"0":[8,9]}}
,"C:\\Users\\FeyoC\\Documents\\Dev\\REACT\\rest_api_node_ts_server\\src\\models\\Product.model.ts": {"path":"C:\\Users\\FeyoC\\Documents\\Dev\\REACT\\rest_api_node_ts_server\\src\\models\\Product.model.ts","statementMap":{"0":{"start":{"line":1,"column":0},"end":{"line":1,"column":76}},"1":{"start":{"line":7,"column":0},"end":{"line":23,"column":null}},"2":{"start":{"line":11,"column":12},"end":{"line":11,"column":null}},"3":{"start":{"line":16,"column":12},"end":{"line":16,"column":null}},"4":{"start":{"line":22,"column":12},"end":{"line":22,"column":null}},"5":{"start":{"line":7,"column":6},"end":{"line":23,"column":null}},"6":{"start":{"line":25,"column":0},"end":{"line":25,"column":null}}},"fnMap":{},"branchMap":{},"s":{"0":3,"1":3,"2":3,"3":3,"4":3,"5":3,"6":3},"f":{},"b":{}}
}
